# JRE version: Java(TM) SE Runtime Environment (8.0_121-b13) (build 1.8.0_121-b13)
# Java VM: Java HotSpot(TM) 64-Bit Server VM (25.121-b13 mixed mode windows-amd64 compressed oops)
Heap:
 PSYoungGen      total 82944K, used 56022K [0x00000000eb300000, 0x00000000f4c80000, 0x0000000100000000)
  eden space 65536K, 84% used [0x00000000eb300000,0x00000000ee95daf8,0x00000000ef300000)
  from space 17408K, 2% used [0x00000000ef300000,0x00000000ef358000,0x00000000f0400000)
  to   space 17408K, 0% used [0x00000000f3b80000,0x00000000f3b80000,0x00000000f4c80000)
 ParOldGen       total 56832K, used 23965K [0x00000000c1800000, 0x00000000c4f80000, 0x00000000eb300000)
  object space 56832K, 42% used [0x00000000c1800000,0x00000000c2f675d8,0x00000000c4f80000)
 Metaspace       used 22311K, capacity 23026K, committed 23168K, reserved 1069056K
  class space    used 2725K, capacity 2915K, committed 2944K, reserved 1048576K
GC Heap History (10 events):
Event: 1.765 GC heap before
{Heap before GC invocations=4 (full 0):
 PSYoungGen      total 18944K, used 18912K [0x00000000eb300000, 0x00000000ed800000, 0x0000000100000000)
  eden space 16384K, 100% used [0x00000000eb300000,0x00000000ec300000,0x00000000ec300000)
  from space 2560K, 98% used [0x00000000ec300000,0x00000000ec578040,0x00000000ec580000)
  to   space 2560K, 0% used [0x00000000ed580000,0x00000000ed580000,0x00000000ed800000)
 ParOldGen       total 44032K, used 4941K [0x00000000c1800000, 0x00000000c4300000, 0x00000000eb300000)
  object space 44032K, 11% used [0x00000000c1800000,0x00000000c1cd3508,0x00000000c4300000)
 Metaspace       used 16483K, capacity 16956K, committed 17152K, reserved 1064960K
  class space    used 2071K, capacity 2180K, committed 2304K, reserved 1048576K
Event: 1.771 GC heap after
Heap after GC invocations=4 (full 0):
 PSYoungGen      total 35328K, used 2528K [0x00000000eb300000, 0x00000000ed800000, 0x0000000100000000)
  eden space 32768K, 0% used [0x00000000eb300000,0x00000000eb300000,0x00000000ed300000)
  from space 2560K, 98% used [0x00000000ed580000,0x00000000ed7f8020,0x00000000ed800000)
  to   space 2560K, 0% used [0x00000000ed300000,0x00000000ed300000,0x00000000ed580000)
 ParOldGen       total 44032K, used 5810K [0x00000000c1800000, 0x00000000c4300000, 0x00000000eb300000)
  object space 44032K, 13% used [0x00000000c1800000,0x00000000c1dacb90,0x00000000c4300000)
 Metaspace       used 16483K, capacity 16956K, committed 17152K, reserved 1064960K
  class space    used 2071K, capacity 2180K, committed 2304K, reserved 1048576K
}
Event: 68.416 GC heap before
{Heap before GC invocations=5 (full 0):
 PSYoungGen      total 35328K, used 35296K [0x00000000eb300000, 0x00000000ed800000, 0x0000000100000000)
  eden space 32768K, 100% used [0x00000000eb300000,0x00000000ed300000,0x00000000ed300000)
  from space 2560K, 98% used [0x00000000ed580000,0x00000000ed7f8020,0x00000000ed800000)
  to   space 2560K, 0% used [0x00000000ed300000,0x00000000ed300000,0x00000000ed580000)
 ParOldGen       total 44032K, used 5810K [0x00000000c1800000, 0x00000000c4300000, 0x00000000eb300000)
  object space 44032K, 13% used [0x00000000c1800000,0x00000000c1dacb90,0x00000000c4300000)
 Metaspace       used 20115K, capacity 20656K, committed 20992K, reserved 1067008K
  class space    used 2529K, capacity 2704K, committed 2816K, reserved 1048576K
Event: 68.494 GC heap after
Heap after GC invocations=5 (full 0):
 PSYoungGen      total 35328K, used 2528K [0x00000000eb300000, 0x00000000f1600000, 0x0000000100000000)
  eden space 32768K, 0% used [0x00000000eb300000,0x00000000eb300000,0x00000000ed300000)
  from space 2560K, 98% used [0x00000000ed300000,0x00000000ed578020,0x00000000ed580000)
  to   space 17920K, 0% used [0x00000000f0480000,0x00000000f0480000,0x00000000f1600000)
 ParOldGen       total 44032K, used 26110K [0x00000000c1800000, 0x00000000c4300000, 0x00000000eb300000)
  object space 44032K, 59% used [0x00000000c1800000,0x00000000c317fad0,0x00000000c4300000)
 Metaspace       used 20115K, capacity 20656K, committed 20992K, reserved 1067008K
  class space    used 2529K, capacity 2704K, committed 2816K, reserved 1048576K
}
Event: 69.255 GC heap before
{Heap before GC invocations=6 (full 0):
 PSYoungGen      total 35328K, used 6104K [0x00000000eb300000, 0x00000000f1600000, 0x0000000100000000)
  eden space 32768K, 10% used [0x00000000eb300000,0x00000000eb67e370,0x00000000ed300000)
  from space 2560K, 98% used [0x00000000ed300000,0x00000000ed578020,0x00000000ed580000)
  to   space 17920K, 0% used [0x00000000f0480000,0x00000000f0480000,0x00000000f1600000)
 ParOldGen       total 44032K, used 26110K [0x00000000c1800000, 0x00000000c4300000, 0x00000000eb300000)
  object space 44032K, 59% used [0x00000000c1800000,0x00000000c317fad0,0x00000000c4300000)
 Metaspace       used 20564K, capacity 21114K, committed 21248K, reserved 1067008K
  class space    used 2592K, capacity 2745K, committed 2816K, reserved 1048576K
Event: 69.262 GC heap after
Heap after GC invocations=6 (full 0):
 PSYoungGen      total 82432K, used 2852K [0x00000000eb300000, 0x00000000f1500000, 0x0000000100000000)
  eden space 65536K, 0% used [0x00000000eb300000,0x00000000eb300000,0x00000000ef300000)
  from space 16896K, 16% used [0x00000000f0480000,0x00000000f0749028,0x00000000f1500000)
  to   space 17408K, 0% used [0x00000000ef300000,0x00000000ef300000,0x00000000f0400000)
 ParOldGen       total 44032K, used 26110K [0x00000000c1800000, 0x00000000c4300000, 0x00000000eb300000)
  object space 44032K, 59% used [0x00000000c1800000,0x00000000c317fad0,0x00000000c4300000)
 Metaspace       used 20564K, capacity 21114K, committed 21248K, reserved 1067008K
  class space    used 2592K, capacity 2745K, committed 2816K, reserved 1048576K
}
Event: 69.262 GC heap before
{Heap before GC invocations=7 (full 1):
 PSYoungGen      total 82432K, used 2852K [0x00000000eb300000, 0x00000000f1500000, 0x0000000100000000)
  eden space 65536K, 0% used [0x00000000eb300000,0x00000000eb300000,0x00000000ef300000)
  from space 16896K, 16% used [0x00000000f0480000,0x00000000f0749028,0x00000000f1500000)
  to   space 17408K, 0% used [0x00000000ef300000,0x00000000ef300000,0x00000000f0400000)
 ParOldGen       total 44032K, used 26110K [0x00000000c1800000, 0x00000000c4300000, 0x00000000eb300000)
  object space 44032K, 59% used [0x00000000c1800000,0x00000000c317fad0,0x00000000c4300000)
 Metaspace       used 20564K, capacity 21114K, committed 21248K, reserved 1067008K
  class space    used 2592K, capacity 2745K, committed 2816K, reserved 1048576K
Event: 69.359 GC heap after
Heap after GC invocations=7 (full 1):
 PSYoungGen      total 82432K, used 0K [0x00000000eb300000, 0x00000000f1500000, 0x0000000100000000)
  eden space 65536K, 0% used [0x00000000eb300000,0x00000000eb300000,0x00000000ef300000)
  from space 16896K, 0% used [0x00000000f0480000,0x00000000f0480000,0x00000000f1500000)
  to   space 17408K, 0% used [0x00000000ef300000,0x00000000ef300000,0x00000000f0400000)
 ParOldGen       total 56832K, used 23957K [0x00000000c1800000, 0x00000000c4f80000, 0x00000000eb300000)
  object space 56832K, 42% used [0x00000000c1800000,0x00000000c2f655d8,0x00000000c4f80000)
 Metaspace       used 20564K, capacity 21114K, committed 21248K, reserved 1067008K
  class space    used 2592K, capacity 2745K, committed 2816K, reserved 1048576K
}
Event: 274.079 GC heap before
{Heap before GC invocations=8 (full 1):
 PSYoungGen      total 82432K, used 65536K [0x00000000eb300000, 0x00000000f1500000, 0x0000000100000000)
  eden space 65536K, 100% used [0x00000000eb300000,0x00000000ef300000,0x00000000ef300000)
  from space 16896K, 0% used [0x00000000f0480000,0x00000000f0480000,0x00000000f1500000)
  to   space 17408K, 0% used [0x00000000ef300000,0x00000000ef300000,0x00000000f0400000)
 ParOldGen       total 56832K, used 23957K [0x00000000c1800000, 0x00000000c4f80000, 0x00000000eb300000)
  object space 56832K, 42% used [0x00000000c1800000,0x00000000c2f655d8,0x00000000c4f80000)
 Metaspace       used 22086K, capacity 22746K, committed 22912K, reserved 1069056K
  class space    used 2714K, capacity 2879K, committed 2944K, reserved 1048576K
Event: 274.094 GC heap after
Heap after GC invocations=8 (full 1):
 PSYoungGen      total 82944K, used 352K [0x00000000eb300000, 0x00000000f4c80000, 0x0000000100000000)
  eden space 65536K, 0% used [0x00000000eb300000,0x00000000eb300000,0x00000000ef300000)
  from space 17408K, 2% used [0x00000000ef300000,0x00000000ef358000,0x00000000f0400000)
  to   space 17408K, 0% used [0x00000000f3b80000,0x00000000f3b80000,0x00000000f4c80000)
 ParOldGen       total 56832K, used 23965K [0x00000000c1800000, 0x00000000c4f80000, 0x00000000eb300000)
  object space 56832K, 42% used [0x00000000c1800000,0x00000000c2f675d8,0x00000000c4f80000)
 Metaspace       used 22086K, capacity 22746K, committed 22912K, reserved 1069056K
  class space    used 2714K, capacity 2879K, committed 2944K, reserved 1048576K
}

