# JRE version: Java(TM) SE Runtime Environment (8.0_121-b13) (build 1.8.0_121-b13)
# Java VM: Java HotSpot(TM) 64-Bit Server VM (25.121-b13 mixed mode windows-amd64 compressed oops)
Heap:
 PSYoungGen      total 298496K, used 86829K [0x00000000eab00000, 0x00000000ff900000, 0x0000000100000000)
  eden space 259072K, 26% used [0x00000000eab00000,0x00000000eee14330,0x00000000fa800000)
  from space 39424K, 46% used [0x00000000fd280000,0x00000000fe437360,0x00000000ff900000)
  to   space 41472K, 0% used [0x00000000fa800000,0x00000000fa800000,0x00000000fd080000)
 ParOldGen       total 199168K, used 119284K [0x00000000c0000000, 0x00000000cc280000, 0x00000000eab00000)
  object space 199168K, 59% used [0x00000000c0000000,0x00000000c747d3f8,0x00000000cc280000)
 Metaspace       used 67062K, capacity 70036K, committed 70144K, reserved 1110016K
  class space    used 8396K, capacity 9148K, committed 9216K, reserved 1048576K
GC Heap History (10 events):
Event: 74.247 GC heap before
{Heap before GC invocations=20 (full 3):
 PSYoungGen      total 268288K, used 268286K [0x00000000eab00000, 0x00000000ff080000, 0x0000000100000000)
  eden space 226304K, 100% used [0x00000000eab00000,0x00000000f8800000,0x00000000f8800000)
  from space 41984K, 99% used [0x00000000fb880000,0x00000000fe17fba8,0x00000000fe180000)
  to   space 49664K, 0% used [0x00000000f8800000,0x00000000f8800000,0x00000000fb880000)
 ParOldGen       total 118272K, used 78467K [0x00000000c0000000, 0x00000000c7380000, 0x00000000eab00000)
  object space 118272K, 66% used [0x00000000c0000000,0x00000000c4ca0ea8,0x00000000c7380000)
 Metaspace       used 60099K, capacity 62838K, committed 63104K, reserved 1103872K
  class space    used 7811K, capacity 8551K, committed 8576K, reserved 1048576K
Event: 74.372 GC heap after
Heap after GC invocations=20 (full 3):
 PSYoungGen      total 275968K, used 13200K [0x00000000eab00000, 0x0000000100000000, 0x0000000100000000)
  eden space 226304K, 0% used [0x00000000eab00000,0x00000000eab00000,0x00000000f8800000)
  from space 49664K, 26% used [0x00000000f8800000,0x00000000f94e4078,0x00000000fb880000)
  to   space 47104K, 0% used [0x00000000fd200000,0x00000000fd200000,0x0000000100000000)
 ParOldGen       total 119296K, used 118616K [0x00000000c0000000, 0x00000000c7480000, 0x00000000eab00000)
  object space 119296K, 99% used [0x00000000c0000000,0x00000000c73d6070,0x00000000c7480000)
 Metaspace       used 60099K, capacity 62838K, committed 63104K, reserved 1103872K
  class space    used 7811K, capacity 8551K, committed 8576K, reserved 1048576K
}
Event: 74.372 GC heap before
{Heap before GC invocations=21 (full 4):
 PSYoungGen      total 275968K, used 13200K [0x00000000eab00000, 0x0000000100000000, 0x0000000100000000)
  eden space 226304K, 0% used [0x00000000eab00000,0x00000000eab00000,0x00000000f8800000)
  from space 49664K, 26% used [0x00000000f8800000,0x00000000f94e4078,0x00000000fb880000)
  to   space 47104K, 0% used [0x00000000fd200000,0x00000000fd200000,0x0000000100000000)
 ParOldGen       total 119296K, used 118616K [0x00000000c0000000, 0x00000000c7480000, 0x00000000eab00000)
  object space 119296K, 99% used [0x00000000c0000000,0x00000000c73d6070,0x00000000c7480000)
 Metaspace       used 60099K, capacity 62838K, committed 63104K, reserved 1103872K
  class space    used 7811K, capacity 8551K, committed 8576K, reserved 1048576K
Event: 76.265 GC heap after
Heap after GC invocations=21 (full 4):
 PSYoungGen      total 275968K, used 4180K [0x00000000eab00000, 0x0000000100000000, 0x0000000100000000)
  eden space 226304K, 0% used [0x00000000eab00000,0x00000000eab00000,0x00000000f8800000)
  from space 49664K, 8% used [0x00000000f8800000,0x00000000f8c150c0,0x00000000fb880000)
  to   space 47104K, 0% used [0x00000000fd200000,0x00000000fd200000,0x0000000100000000)
 ParOldGen       total 199168K, used 119260K [0x00000000c0000000, 0x00000000cc280000, 0x00000000eab00000)
  object space 199168K, 59% used [0x00000000c0000000,0x00000000c74773f8,0x00000000cc280000)
 Metaspace       used 60099K, capacity 62838K, committed 63104K, reserved 1103872K
  class space    used 7811K, capacity 8551K, committed 8576K, reserved 1048576K
}
Event: 186.893 GC heap before
{Heap before GC invocations=22 (full 4):
 PSYoungGen      total 275968K, used 230484K [0x00000000eab00000, 0x0000000100000000, 0x0000000100000000)
  eden space 226304K, 100% used [0x00000000eab00000,0x00000000f8800000,0x00000000f8800000)
  from space 49664K, 8% used [0x00000000f8800000,0x00000000f8c150c0,0x00000000fb880000)
  to   space 47104K, 0% used [0x00000000fd200000,0x00000000fd200000,0x0000000100000000)
 ParOldGen       total 199168K, used 119260K [0x00000000c0000000, 0x00000000cc280000, 0x00000000eab00000)
  object space 199168K, 59% used [0x00000000c0000000,0x00000000c74773f8,0x00000000cc280000)
 Metaspace       used 61988K, capacity 64862K, committed 65152K, reserved 1105920K
  class space    used 7957K, capacity 8723K, committed 8832K, reserved 1048576K
Event: 187.290 GC heap after
Heap after GC invocations=22 (full 4):
 PSYoungGen      total 295936K, used 2963K [0x00000000eab00000, 0x00000000ffc80000, 0x0000000100000000)
  eden space 252416K, 0% used [0x00000000eab00000,0x00000000eab00000,0x00000000fa180000)
  from space 43520K, 6% used [0x00000000fd200000,0x00000000fd4e4ed8,0x00000000ffc80000)
  to   space 46592K, 0% used [0x00000000fa180000,0x00000000fa180000,0x00000000fcf00000)
 ParOldGen       total 199168K, used 119268K [0x00000000c0000000, 0x00000000cc280000, 0x00000000eab00000)
  object space 199168K, 59% used [0x00000000c0000000,0x00000000c74793f8,0x00000000cc280000)
 Metaspace       used 61988K, capacity 64862K, committed 65152K, reserved 1105920K
  class space    used 7957K, capacity 8723K, committed 8832K, reserved 1048576K
}
Event: 304.083 GC heap before
{Heap before GC invocations=23 (full 4):
 PSYoungGen      total 295936K, used 255379K [0x00000000eab00000, 0x00000000ffc80000, 0x0000000100000000)
  eden space 252416K, 100% used [0x00000000eab00000,0x00000000fa180000,0x00000000fa180000)
  from space 43520K, 6% used [0x00000000fd200000,0x00000000fd4e4ed8,0x00000000ffc80000)
  to   space 46592K, 0% used [0x00000000fa180000,0x00000000fa180000,0x00000000fcf00000)
 ParOldGen       total 199168K, used 119268K [0x00000000c0000000, 0x00000000cc280000, 0x00000000eab00000)
  object space 199168K, 59% used [0x00000000c0000000,0x00000000c74793f8,0x00000000cc280000)
 Metaspace       used 65816K, capacity 68594K, committed 68992K, reserved 1110016K
  class space    used 8332K, capacity 9057K, committed 9088K, reserved 1048576K
Event: 304.112 GC heap after
Heap after GC invocations=23 (full 4):
 PSYoungGen      total 299008K, used 15910K [0x00000000eab00000, 0x00000000ffd00000, 0x0000000100000000)
  eden space 252416K, 0% used [0x00000000eab00000,0x00000000eab00000,0x00000000fa180000)
  from space 46592K, 34% used [0x00000000fa180000,0x00000000fb109890,0x00000000fcf00000)
  to   space 43520K, 0% used [0x00000000fd280000,0x00000000fd280000,0x00000000ffd00000)
 ParOldGen       total 199168K, used 119276K [0x00000000c0000000, 0x00000000cc280000, 0x00000000eab00000)
  object space 199168K, 59% used [0x00000000c0000000,0x00000000c747b3f8,0x00000000cc280000)
 Metaspace       used 65816K, capacity 68594K, committed 68992K, reserved 1110016K
  class space    used 8332K, capacity 9057K, committed 9088K, reserved 1048576K
}
Event: 358.605 GC heap before
{Heap before GC invocations=24 (full 4):
 PSYoungGen      total 299008K, used 268326K [0x00000000eab00000, 0x00000000ffd00000, 0x0000000100000000)
  eden space 252416K, 100% used [0x00000000eab00000,0x00000000fa180000,0x00000000fa180000)
  from space 46592K, 34% used [0x00000000fa180000,0x00000000fb109890,0x00000000fcf00000)
  to   space 43520K, 0% used [0x00000000fd280000,0x00000000fd280000,0x00000000ffd00000)
 ParOldGen       total 199168K, used 119276K [0x00000000c0000000, 0x00000000cc280000, 0x00000000eab00000)
  object space 199168K, 59% used [0x00000000c0000000,0x00000000c747b3f8,0x00000000cc280000)
 Metaspace       used 66918K, capacity 69902K, committed 70144K, reserved 1110016K
  class space    used 8395K, capacity 9147K, committed 9216K, reserved 1048576K
Event: 358.756 GC heap after
Heap after GC invocations=24 (full 4):
 PSYoungGen      total 298496K, used 18140K [0x00000000eab00000, 0x00000000ff900000, 0x0000000100000000)
  eden space 259072K, 0% used [0x00000000eab00000,0x00000000eab00000,0x00000000fa800000)
  from space 39424K, 46% used [0x00000000fd280000,0x00000000fe437360,0x00000000ff900000)
  to   space 41472K, 0% used [0x00000000fa800000,0x00000000fa800000,0x00000000fd080000)
 ParOldGen       total 199168K, used 119284K [0x00000000c0000000, 0x00000000cc280000, 0x00000000eab00000)
  object space 199168K, 59% used [0x00000000c0000000,0x00000000c747d3f8,0x00000000cc280000)
 Metaspace       used 66918K, capacity 69902K, committed 70144K, reserved 1110016K
  class space    used 8395K, capacity 9147K, committed 9216K, reserved 1048576K
}

